<?xml version="1.0" encoding="UTF-8"?>
<!-- Generated by org.testng.reporters.JUnitReportReporter -->
<testsuite hostname="DESKTOP-RDHST7B" failures="0" tests="1" name="runner.TestRunner" time="27.581" errors="0" timestamp="2024-05-24T01:08:02 EET" skipped="0">
  <testcase classname="runner.TestRunner" name="runScenario" time="27.581"/>
  <system-out/>
</testsuite> <!-- runner.TestRunner -->
